<?xml version="1.0" encoding="UTF-8"?>
<!-- Generated by org.testng.reporters.JUnitXMLReporter -->
<testsuite ignored="0" hostname="Lenovo-Pratyush" failures="0" tests="18" name="Default test" time="120.281" errors="0" timestamp="2023-06-20T01:32:24 IST">
  <testcase classname="Hackathon.Main" name="carLoan" time="0.208"/>
  <testcase classname="Hackathon.Main" name="loanAmount" time="0.73"/>
  <testcase classname="Hackathon.Main" name="loanInterest" time="0.478"/>
  <testcase classname="Hackathon.Main" name="loanTerm" time="0.363"/>
  <testcase classname="Hackathon.Main" name="printTotal" time="0.539"/>
  <testcase classname="Hackathon.Main" name="printforOneMonth" time="0.825"/>
  <testcase classname="Hackathon.Main" name="chooseEMICalculators" time="10.334"/>
  <testcase classname="Hackathon.Main" name="chooseLoanCalculator" time="2.794"/>
  <testcase classname="Hackathon.Main" name="EmicalculatortextBox" time="0.627"/>
  <testcase classname="Hackathon.Main" name="Emicalculatorslider" time="19.081"/>
  <testcase classname="Hackathon.Main" name="changemonthyearforEMICALCULATOR" time="1.193"/>
  <testcase classname="Hackathon.Main" name="movetoloanamountCalculator" time="0.106"/>
  <testcase classname="Hackathon.Main" name="loanamountCalculatortextBox" time="0.257"/>
  <testcase classname="Hackathon.Main" name="loanamountCalculatorslider" time="31.301"/>
  <testcase classname="Hackathon.Main" name="changemonthyearforLOANAMOUNTCALCULATOR" time="1.209"/>
  <testcase classname="Hackathon.Main" name="movetoloantenureCalculator" time="0.116"/>
  <testcase classname="Hackathon.Main" name="loantenureCalculatortextBox" time="0.362"/>
  <testcase classname="Hackathon.Main" name="loantenureCalculatorslider" time="44.832"/>
</testsuite> <!-- Default test -->
